{
  "stats": {
    "suites": 1,
    "tests": 1,
    "passes": 1,
    "pending": 0,
    "failures": 0,
    "start": "2021-08-03T06:31:49.749Z",
    "end": "2021-08-03T06:31:53.768Z",
    "duration": 4019,
    "testsRegistered": 1,
    "passPercent": 100,
    "pendingPercent": 0,
    "other": 0,
    "hasOther": false,
    "skipped": 0,
    "hasSkipped": false
  },
  "results": [
    {
      "uuid": "95558b24-1727-4bd3-afc4-342db53894f5",
      "title": "",
      "fullFile": "cypress/integration/examples/FirstTC.js",
      "file": "cypress/integration/examples/FirstTC.js",
      "beforeHooks": [],
      "afterHooks": [],
      "tests": [],
      "suites": [
        {
          "uuid": "3a1cfee3-bd49-4517-be2e-fd210c67cac5",
          "title": "My first test suite",
          "fullFile": "",
          "file": "",
          "beforeHooks": [],
          "afterHooks": [],
          "tests": [
            {
              "title": "My first test suite",
              "fullTitle": "My first test suite My first test suite",
              "timedOut": null,
              "duration": 2182,
              "state": "passed",
              "speed": "slow",
              "pass": true,
              "fail": false,
              "pending": false,
              "context": null,
              "code": "cy.visit(\"https://rahulshettyacademy.com/seleniumPractise/#/\");\ncy.get('.search-keyword').type('ca');\ncy.get('.product').should('have.length', 5);\ncy.get('.products').find('.product').should('have.length', 4);\ncy.get('.products').find('.product').eq(2).contains('ADD TO CART').click;",
              "err": {},
              "uuid": "60cdbf4c-26ae-4dc9-8792-58f4200e63fb",
              "parentUUID": "3a1cfee3-bd49-4517-be2e-fd210c67cac5",
              "isHook": false,
              "skipped": false
            }
          ],
          "suites": [],
          "passes": [
            "60cdbf4c-26ae-4dc9-8792-58f4200e63fb"
          ],
          "failures": [],
          "pending": [],
          "skipped": [],
          "duration": 2182,
          "root": false,
          "rootEmpty": false,
          "_timeout": 2000
        }
      ],
      "passes": [],
      "failures": [],
      "pending": [],
      "skipped": [],
      "duration": 0,
      "root": true,
      "rootEmpty": true,
      "_timeout": 2000
    }
  ],
  "meta": {
    "mocha": {
      "version": "7.0.1"
    },
    "mochawesome": {
      "options": {
        "quiet": false,
        "reportFilename": "mochawesome",
        "saveHtml": true,
        "saveJson": true,
        "consoleReporter": "spec",
        "useInlineDiffs": false,
        "code": true
      },
      "version": "6.2.2"
    },
    "marge": {
      "options": {
        "overwrite": false,
        "html": true,
        "json": true,
        "charts": true,
        "reportPageTitle": "My Test Suite",
        "embeddedScreenshots": true,
        "inlineAssets": true
      },
      "version": "5.2.0"
    }
  }
}