{
  "stats": {
    "suites": 1,
    "tests": 1,
    "passes": 1,
    "pending": 0,
    "failures": 0,
    "start": "2021-08-03T06:32:10.122Z",
    "end": "2021-08-03T06:32:11.972Z",
    "duration": 1850,
    "testsRegistered": 1,
    "passPercent": 100,
    "pendingPercent": 0,
    "other": 0,
    "hasOther": false,
    "skipped": 0,
    "hasSkipped": false
  },
  "results": [
    {
      "uuid": "95ebc047-febd-42cf-b7db-efa82e717ebe",
      "title": "",
      "fullFile": "cypress/integration/examples/Parse_jsp.js",
      "file": "cypress/integration/examples/Parse_jsp.js",
      "beforeHooks": [],
      "afterHooks": [],
      "tests": [],
      "suites": [
        {
          "uuid": "805bc340-7c79-42f2-a210-24dc57b0cb2e",
          "title": "Example to demonstrate file download in cypress",
          "fullFile": "",
          "file": "",
          "beforeHooks": [],
          "afterHooks": [],
          "tests": [
            {
              "title": "File Download using cypress-downloadfile npm package",
              "fullTitle": "Example to demonstrate file download in cypress File Download using cypress-downloadfile npm package",
              "timedOut": null,
              "duration": 1802,
              "state": "passed",
              "speed": "slow",
              "pass": true,
              "fail": false,
              "pending": false,
              "context": null,
              "code": "cy.downloadFile('https://www.flyrnai.org/compleat/ExampleFiles.jsp', 'cypress/fixtures/Download', 'test.jsp');\ncy.readFile('cypress/fixtures/Download/test.jsp').should('contain', 'Tab-Separated, One data column');",
              "err": {},
              "uuid": "ff56eab3-b11e-4c22-aed9-b603eb3207ad",
              "parentUUID": "805bc340-7c79-42f2-a210-24dc57b0cb2e",
              "isHook": false,
              "skipped": false
            }
          ],
          "suites": [],
          "passes": [
            "ff56eab3-b11e-4c22-aed9-b603eb3207ad"
          ],
          "failures": [],
          "pending": [],
          "skipped": [],
          "duration": 1802,
          "root": false,
          "rootEmpty": false,
          "_timeout": 2000
        }
      ],
      "passes": [],
      "failures": [],
      "pending": [],
      "skipped": [],
      "duration": 0,
      "root": true,
      "rootEmpty": true,
      "_timeout": 2000
    }
  ],
  "meta": {
    "mocha": {
      "version": "7.0.1"
    },
    "mochawesome": {
      "options": {
        "quiet": false,
        "reportFilename": "mochawesome",
        "saveHtml": true,
        "saveJson": true,
        "consoleReporter": "spec",
        "useInlineDiffs": false,
        "code": true
      },
      "version": "6.2.2"
    },
    "marge": {
      "options": {
        "overwrite": false,
        "html": true,
        "json": true,
        "charts": true,
        "reportPageTitle": "My Test Suite",
        "embeddedScreenshots": true,
        "inlineAssets": true
      },
      "version": "5.2.0"
    }
  }
}