{
  "stats": {
    "suites": 1,
    "tests": 1,
    "passes": 1,
    "pending": 0,
    "failures": 0,
    "start": "2021-08-03T06:32:17.939Z",
    "end": "2021-08-03T06:32:18.224Z",
    "duration": 285,
    "testsRegistered": 1,
    "passPercent": 100,
    "pendingPercent": 0,
    "other": 0,
    "hasOther": false,
    "skipped": 0,
    "hasSkipped": false
  },
  "results": [
    {
      "uuid": "fa744656-5218-453d-adcc-de69282897b4",
      "title": "",
      "fullFile": "cypress/integration/examples/Post_Test.spec.js",
      "file": "cypress/integration/examples/Post_Test.spec.js",
      "beforeHooks": [],
      "afterHooks": [],
      "tests": [],
      "suites": [
        {
          "uuid": "484295c0-3110-4bb7-a1c6-22070ff0a050",
          "title": "Docket Post Test",
          "fullFile": "",
          "file": "",
          "beforeHooks": [],
          "afterHooks": [],
          "tests": [
            {
              "title": "Should create a Todo item",
              "fullTitle": "Docket Post Test Should create a Todo item",
              "timedOut": null,
              "duration": 262,
              "state": "passed",
              "speed": "slow",
              "pass": true,
              "fail": false,
              "pending": false,
              "context": null,
              "code": "cy.request({\n  method: \"POST\",\n  url: \"https://docket-test.herokuapp.com/api/Todo/\",\n  headers: {\n    token: \"8d11bde6-4db7-4bab-9abf-0894e734ddc0\"\n  },\n  body: {\n    Body: \"Walk cat\"\n  }\n}).its(\"status\").should(\"be.ok\");",
              "err": {},
              "uuid": "5b6b10fd-2cdd-4e7c-9f54-157d00285c2d",
              "parentUUID": "484295c0-3110-4bb7-a1c6-22070ff0a050",
              "isHook": false,
              "skipped": false
            }
          ],
          "suites": [],
          "passes": [
            "5b6b10fd-2cdd-4e7c-9f54-157d00285c2d"
          ],
          "failures": [],
          "pending": [],
          "skipped": [],
          "duration": 262,
          "root": false,
          "rootEmpty": false,
          "_timeout": 2000
        }
      ],
      "passes": [],
      "failures": [],
      "pending": [],
      "skipped": [],
      "duration": 0,
      "root": true,
      "rootEmpty": true,
      "_timeout": 2000
    }
  ],
  "meta": {
    "mocha": {
      "version": "7.0.1"
    },
    "mochawesome": {
      "options": {
        "quiet": false,
        "reportFilename": "mochawesome",
        "saveHtml": true,
        "saveJson": true,
        "consoleReporter": "spec",
        "useInlineDiffs": false,
        "code": true
      },
      "version": "6.2.2"
    },
    "marge": {
      "options": {
        "overwrite": false,
        "html": true,
        "json": true,
        "charts": true,
        "reportPageTitle": "My Test Suite",
        "embeddedScreenshots": true,
        "inlineAssets": true
      },
      "version": "5.2.0"
    }
  }
}