{
  "stats": {
    "suites": 1,
    "tests": 1,
    "passes": 1,
    "pending": 0,
    "failures": 0,
    "start": "2021-08-03T06:30:46.753Z",
    "end": "2021-08-03T06:30:48.678Z",
    "duration": 1925,
    "testsRegistered": 1,
    "passPercent": 100,
    "pendingPercent": 0,
    "other": 0,
    "hasOther": false,
    "skipped": 0,
    "hasSkipped": false
  },
  "results": [
    {
      "uuid": "bc3b19c4-de29-4292-99de-648cd55e51e8",
      "title": "",
      "fullFile": "cypress/integration/APITest/MockResponse.js",
      "file": "cypress/integration/APITest/MockResponse.js",
      "beforeHooks": [],
      "afterHooks": [],
      "tests": [],
      "suites": [
        {
          "uuid": "a4942f38-7e3e-45e7-bd61-d1f09038ecbe",
          "title": "My First Test Suite",
          "fullFile": "",
          "file": "",
          "beforeHooks": [],
          "afterHooks": [],
          "tests": [
            {
              "title": "My FirstTest case",
              "fullTitle": "My First Test Suite My FirstTest case",
              "timedOut": null,
              "duration": 893,
              "state": "passed",
              "speed": "slow",
              "pass": true,
              "fail": false,
              "pending": false,
              "context": null,
              "code": "cy.visit(\"https://rahulshettyacademy.com/angularAppdemo/\");\ncy.intercept({\n  method: 'GET',\n  url: 'https://rahulshettyacademy.com/Library/GetBook.php?AuthorName=shetty'\n}, {\n  statusCode: 200,\n  body: [{\n    \"book_name\": \"RestAssured with Java\",\n    \"isbn\": \"RSU\",\n    \"aisle\": \"2301\"\n  }]\n}).as('bookretrievals');\ncy.get(\"button[class='btn btn-primary']\").click();\ncy.wait('@bookretrievals').should(({\n  request,\n  response\n}) => {\n  cy.get('tr').should('have.length', response.body.length + 1);\n});\ncy.get('p').should('have.text', 'Oops only 1 Book available'); //length of the response array = rows of the table",
              "err": {},
              "uuid": "d1ce0a68-1733-486d-bd33-943f42157ca5",
              "parentUUID": "a4942f38-7e3e-45e7-bd61-d1f09038ecbe",
              "isHook": false,
              "skipped": false
            }
          ],
          "suites": [],
          "passes": [
            "d1ce0a68-1733-486d-bd33-943f42157ca5"
          ],
          "failures": [],
          "pending": [],
          "skipped": [],
          "duration": 893,
          "root": false,
          "rootEmpty": false,
          "_timeout": 2000
        }
      ],
      "passes": [],
      "failures": [],
      "pending": [],
      "skipped": [],
      "duration": 0,
      "root": true,
      "rootEmpty": true,
      "_timeout": 2000
    }
  ],
  "meta": {
    "mocha": {
      "version": "7.0.1"
    },
    "mochawesome": {
      "options": {
        "quiet": false,
        "reportFilename": "mochawesome",
        "saveHtml": true,
        "saveJson": true,
        "consoleReporter": "spec",
        "useInlineDiffs": false,
        "code": true
      },
      "version": "6.2.2"
    },
    "marge": {
      "options": {
        "overwrite": false,
        "html": true,
        "json": true,
        "charts": true,
        "reportPageTitle": "My Test Suite",
        "embeddedScreenshots": true,
        "inlineAssets": true
      },
      "version": "5.2.0"
    }
  }
}