{
  "stats": {
    "suites": 1,
    "tests": 1,
    "passes": 1,
    "pending": 0,
    "failures": 0,
    "start": "2021-08-03T06:32:43.534Z",
    "end": "2021-08-03T06:32:49.505Z",
    "duration": 5971,
    "testsRegistered": 1,
    "passPercent": 100,
    "pendingPercent": 0,
    "other": 0,
    "hasOther": false,
    "skipped": 0,
    "hasSkipped": false
  },
  "results": [
    {
      "uuid": "189e0286-0d8d-406e-9643-64212c2286a9",
      "title": "",
      "fullFile": "cypress/integration/examples/Webtables.js",
      "file": "cypress/integration/examples/Webtables.js",
      "beforeHooks": [],
      "afterHooks": [],
      "tests": [],
      "suites": [
        {
          "uuid": "8a451335-5923-4199-ba32-e78088ba8dce",
          "title": "My Second Test Suite",
          "fullFile": "",
          "file": "",
          "beforeHooks": [],
          "afterHooks": [],
          "tests": [
            {
              "title": "My FirstTest case",
              "fullTitle": "My Second Test Suite My FirstTest case",
              "timedOut": null,
              "duration": 4186,
              "state": "passed",
              "speed": "slow",
              "pass": true,
              "fail": false,
              "pending": false,
              "context": null,
              "code": "cy.visit(\"https://rahulshettyacademy.com/AutomationPractice/\");\ncy.get('tr td:nth-child(2)').each(($e1, index, $list) => {\n  const text = $e1.text();\n  if (text.includes(\"Python\")) {\n    cy.get(\"tr td:nth-child(2)\").eq(index).next().then(function (price) {\n      const priceText = price.text();\n      expect(priceText).to.equal('25');\n    });\n  }\n});",
              "err": {},
              "uuid": "693caab6-2764-4873-a6a2-6fe0b5defe69",
              "parentUUID": "8a451335-5923-4199-ba32-e78088ba8dce",
              "isHook": false,
              "skipped": false
            }
          ],
          "suites": [],
          "passes": [
            "693caab6-2764-4873-a6a2-6fe0b5defe69"
          ],
          "failures": [],
          "pending": [],
          "skipped": [],
          "duration": 4186,
          "root": false,
          "rootEmpty": false,
          "_timeout": 2000
        }
      ],
      "passes": [],
      "failures": [],
      "pending": [],
      "skipped": [],
      "duration": 0,
      "root": true,
      "rootEmpty": true,
      "_timeout": 2000
    }
  ],
  "meta": {
    "mocha": {
      "version": "7.0.1"
    },
    "mochawesome": {
      "options": {
        "quiet": false,
        "reportFilename": "mochawesome",
        "saveHtml": true,
        "saveJson": true,
        "consoleReporter": "spec",
        "useInlineDiffs": false,
        "code": true
      },
      "version": "6.2.2"
    },
    "marge": {
      "options": {
        "overwrite": false,
        "html": true,
        "json": true,
        "charts": true,
        "reportPageTitle": "My Test Suite",
        "embeddedScreenshots": true,
        "inlineAssets": true
      },
      "version": "5.2.0"
    }
  }
}