{
  "stats": {
    "suites": 1,
    "tests": 1,
    "passes": 1,
    "pending": 0,
    "failures": 0,
    "start": "2021-08-03T06:31:45.647Z",
    "end": "2021-08-03T06:31:46.834Z",
    "duration": 1187,
    "testsRegistered": 1,
    "passPercent": 100,
    "pendingPercent": 0,
    "other": 0,
    "hasOther": false,
    "skipped": 0,
    "hasSkipped": false
  },
  "results": [
    {
      "uuid": "56ef7bf0-f025-420e-9a4e-ea95b6faa37e",
      "title": "",
      "fullFile": "cypress/integration/examples/Delete_Test.spec.js",
      "file": "cypress/integration/examples/Delete_Test.spec.js",
      "beforeHooks": [],
      "afterHooks": [],
      "tests": [],
      "suites": [
        {
          "uuid": "53da20ad-d5ad-4c4a-a237-14cfaa418b6e",
          "title": "Docket Delete Test",
          "fullFile": "",
          "file": "",
          "beforeHooks": [],
          "afterHooks": [],
          "tests": [
            {
              "title": "Should delete a specific Todo",
              "fullTitle": "Docket Delete Test Should delete a specific Todo",
              "timedOut": null,
              "duration": 1168,
              "state": "passed",
              "speed": "slow",
              "pass": true,
              "fail": false,
              "pending": false,
              "context": null,
              "code": "cy.request({\n  method: \"DELETE\",\n  url: \"https://docket-test.herokuapp.com/api/Todo/2\",\n  headers: {\n    token: \"8d11bde6-4db7-4bab-9abf-0894e734ddc0\"\n  }\n}).its(\"status\").should(\"be.ok\");",
              "err": {},
              "uuid": "8a64e134-b0f5-4c24-9b7c-2c8136198a8d",
              "parentUUID": "53da20ad-d5ad-4c4a-a237-14cfaa418b6e",
              "isHook": false,
              "skipped": false
            }
          ],
          "suites": [],
          "passes": [
            "8a64e134-b0f5-4c24-9b7c-2c8136198a8d"
          ],
          "failures": [],
          "pending": [],
          "skipped": [],
          "duration": 1168,
          "root": false,
          "rootEmpty": false,
          "_timeout": 2000
        }
      ],
      "passes": [],
      "failures": [],
      "pending": [],
      "skipped": [],
      "duration": 0,
      "root": true,
      "rootEmpty": true,
      "_timeout": 2000
    }
  ],
  "meta": {
    "mocha": {
      "version": "7.0.1"
    },
    "mochawesome": {
      "options": {
        "quiet": false,
        "reportFilename": "mochawesome",
        "saveHtml": true,
        "saveJson": true,
        "consoleReporter": "spec",
        "useInlineDiffs": false,
        "code": true
      },
      "version": "6.2.2"
    },
    "marge": {
      "options": {
        "overwrite": false,
        "html": true,
        "json": true,
        "charts": true,
        "reportPageTitle": "My Test Suite",
        "embeddedScreenshots": true,
        "inlineAssets": true
      },
      "version": "5.2.0"
    }
  }
}